/*C8*/SET SCHEMA PUBLIC
DISCONNECT
/*C9*/SET SCHEMA PUBLIC
DISCONNECT
/*C10*/SET SCHEMA PUBLIC
DISCONNECT
/*C11*/SET SCHEMA PUBLIC
DISCONNECT
/*C12*/SET SCHEMA PUBLIC
DISCONNECT
/*C13*/SET SCHEMA PUBLIC
DISCONNECT
/*C14*/SET SCHEMA PUBLIC
DISCONNECT
/*C15*/SET SCHEMA PUBLIC
DISCONNECT
/*C16*/SET SCHEMA PUBLIC
DISCONNECT
/*C17*/SET SCHEMA PUBLIC
DISCONNECT
/*C19*/SET SCHEMA PUBLIC
DISCONNECT
/*C20*/SET SCHEMA PUBLIC
DISCONNECT
/*C21*/SET SCHEMA PUBLIC
DISCONNECT
/*C22*/SET SCHEMA PUBLIC
DISCONNECT
/*C18*/SET SCHEMA PUBLIC
drop sequence geek_seq if exists
drop sequence representation_seq if exists
drop table geek if exists cascade
drop sequence geek_seq if exists
drop sequence representation_seq if exists
create table geek(\u000a\u0009id numeric not null,\u000a\u0009nom varchar(255) not null,\u000a\u0009prenom varchar(255) not null,\u000a\u0009email varchar(255) not null,\u000a\u0009sexe varchar(255) not null,\u000a\u0009primary key (id)\u000a)
drop sequence geek_seq if exists
drop sequence representation_seq if exists
drop sequence geek_seq if exists
drop sequence geeke_seq if exists
drop sequence representation_seq if exists
CREATE SEQUENCE SEQ START WITH 1
/*C23*/SET SCHEMA PUBLIC
DISCONNECT
/*C24*/SET SCHEMA PUBLIC
DISCONNECT
/*C25*/SET SCHEMA PUBLIC
DISCONNECT
/*C26*/SET SCHEMA PUBLIC
DISCONNECT
/*C27*/SET SCHEMA PUBLIC
INSERT INTO GEEK VALUES(1,'test','ee','ee','M')
COMMIT
ALTER SEQUENCE PUBLIC.SEQ RESTART WITH 2
DISCONNECT
/*C28*/SET SCHEMA PUBLIC
INSERT INTO GEEK VALUES(2,'a','a','a','M')
COMMIT
ALTER SEQUENCE PUBLIC.SEQ RESTART WITH 3
DISCONNECT
/*C29*/SET SCHEMA PUBLIC
INSERT INTO GEEK VALUES(3,'b','b','b','M')
COMMIT
ALTER SEQUENCE PUBLIC.SEQ RESTART WITH 4
DISCONNECT
/*C30*/SET SCHEMA PUBLIC
INSERT INTO GEEK VALUES(4,'f','d','f','M')
COMMIT
ALTER SEQUENCE PUBLIC.SEQ RESTART WITH 5
DISCONNECT
/*C18*/drop table geek if exists cascade
drop sequence seq if exists
create table geek(\u000a\u0009id numeric not null,\u000a\u0009nom varchar(255) not null,\u000a\u0009prenom varchar(255) not null,\u000a\u0009email varchar(255) not null,\u000a\u0009sexe varchar(255) not null,\u000a\u0009primary key (id)\u000a)
drop table geek if exists cascade
drop sequence seq if exists
create table geek(\u000a\u0009id numeric not null,\u000a\u0009nom varchar(255) not null,\u000a\u0009prenom varchar(255) not null,\u000a\u0009email varchar(255) not null,\u000a\u0009sexe varchar(255) not null,\u000a\u0009primary key (id)\u000a)
create sequence seq start with 1000
INSERT INTO GEEK VALUES(1,'Pierre','Paul','jacques@hotmail.fr','M')
COMMIT
INSERT INTO GEEK VALUES(2,'Dupont','K\u00e9vin','kevv71@live.fr','M')
COMMIT
INSERT INTO GEEK VALUES(3,'Dufour','Camille','camy69@voila.fr','F')
COMMIT
INSERT INTO GEEK VALUES(4,'Etangsal\u00e9','Dylan','dyl71@hotmail.fr','M')
COMMIT
drop table geek if exists cascade
drop sequence seq if exists
create table geek(\u000a\u0009id numeric not null,\u000a\u0009nom varchar(255) not null,\u000a\u0009prenom varchar(255) not null,\u000a\u0009email varchar(255) not null,\u000a\u0009sexe varchar(255) not null,\u000a\u0009primary key (id)\u000a)
INSERT INTO GEEK VALUES(1,'Pierre','Paul','jacques@hotmail.fr','M')
COMMIT
INSERT INTO GEEK VALUES(2,'Dupont','K\u00e9vin','kevv71@live.fr','M')
COMMIT
INSERT INTO GEEK VALUES(3,'Dufour','Camille','camy69@voila.fr','F')
COMMIT
INSERT INTO GEEK VALUES(4,'Etangsal\u00e9','Dylan','dyl71@hotmail.fr','M')
COMMIT
create sequence seq start with 1000
DISCONNECT
/*C31*/SET SCHEMA PUBLIC
INSERT INTO GEEK VALUES(1000,'f','d','f','M')
COMMIT
ALTER SEQUENCE PUBLIC.SEQ RESTART WITH 1001
DISCONNECT
/*C32*/SET SCHEMA PUBLIC
DISCONNECT
/*C33*/SET SCHEMA PUBLIC
DISCONNECT
/*C34*/SET SCHEMA PUBLIC
drop table geek if exists cascade
drop sequence seq if exists
drop sequence SEQ if exists
create table geek(\u000a\u0009id numeric not null,\u000a\u0009nom varchar(255) not null,\u000a\u0009prenom varchar(255) not null,\u000a\u0009email varchar(255) not null,\u000a\u0009sexe varchar(255) not null,\u000a\u0009primary key (id)\u000a)
INSERT INTO GEEK VALUES(1,'Pierre','Paul','jacques@hotmail.fr','M')
COMMIT
INSERT INTO GEEK VALUES(2,'Dupont','K\u00e9vin','kevv71@live.fr','M')
COMMIT
INSERT INTO GEEK VALUES(3,'Dufour','Camille','camy69@voila.fr','F')
COMMIT
INSERT INTO GEEK VALUES(4,'Etangsal\u00e9','Dylan','dyl71@hotmail.fr','M')
COMMIT
create sequence seq start with 1000
DISCONNECT
/*C35*/SET SCHEMA PUBLIC
drop table geek if exists cascade
drop sequence seq if exists
create table geek(\u000a\u0009id numeric not null,\u000a\u0009nom varchar(255) not null,\u000a\u0009prenom varchar(255) not null,\u000a\u0009email varchar(255) not null,\u000a\u0009sexe varchar(255) not null,\u000a\u0009primary key (id)\u000a)
INSERT INTO GEEK VALUES(1,'Pierre','Paul','jacques@hotmail.fr','M')
COMMIT
INSERT INTO GEEK VALUES(2,'Dupont','K\u00e9vin','kevv71@live.fr','M')
COMMIT
INSERT INTO GEEK VALUES(3,'Dufour','Camille','camy69@voila.fr','F')
COMMIT
INSERT INTO GEEK VALUES(4,'Etangsal\u00e9','Dylan','dyl71@hotmail.fr','M')
COMMIT
create sequence seq start with 1
/*C36*/SET SCHEMA PUBLIC
DISCONNECT
/*C37*/SET SCHEMA PUBLIC
DISCONNECT
/*C38*/SET SCHEMA PUBLIC
ALTER SEQUENCE PUBLIC.SEQ RESTART WITH 2
DISCONNECT
/*C35*/drop table geek if exists cascade
drop sequence seq if exists
create table geek(\u000a\u0009id numeric not null,\u000a\u0009nom varchar(255) not null,\u000a\u0009prenom varchar(255) not null,\u000a\u0009email varchar(255) not null,\u000a\u0009sexe varchar(255) not null,\u000a\u0009primary key (id)\u000a)
INSERT INTO GEEK VALUES(1,'Pierre','Paul','jacques@hotmail.fr','M')
COMMIT
INSERT INTO GEEK VALUES(2,'Dupont','K\u00e9vin','kevv71@live.fr','M')
COMMIT
INSERT INTO GEEK VALUES(3,'Dufour','Camille','camy69@voila.fr','F')
COMMIT
INSERT INTO GEEK VALUES(4,'Etangsal\u00e9','Dylan','dyl71@hotmail.fr','M')
COMMIT
create sequence seq start with 5
/*C39*/SET SCHEMA PUBLIC
INSERT INTO GEEK VALUES(5,'test','test','test','M')
COMMIT
ALTER SEQUENCE PUBLIC.SEQ RESTART WITH 6
DISCONNECT
/*C40*/SET SCHEMA PUBLIC
INSERT INTO GEEK VALUES(6,'u','u','u','M')
COMMIT
ALTER SEQUENCE PUBLIC.SEQ RESTART WITH 7
DISCONNECT
/*C41*/SET SCHEMA PUBLIC
INSERT INTO GEEK VALUES(7,'a','a','a','M')
COMMIT
ALTER SEQUENCE PUBLIC.SEQ RESTART WITH 8
DISCONNECT
/*C42*/SET SCHEMA PUBLIC
INSERT INTO GEEK VALUES(8,'A','A','A','M')
COMMIT
ALTER SEQUENCE PUBLIC.SEQ RESTART WITH 9
DISCONNECT
/*C43*/SET SCHEMA PUBLIC
INSERT INTO GEEK VALUES(9,'f','d','f','M')
COMMIT
ALTER SEQUENCE PUBLIC.SEQ RESTART WITH 10
DISCONNECT
/*C44*/SET SCHEMA PUBLIC
INSERT INTO GEEK VALUES(10,'A','A','A','M')
COMMIT
ALTER SEQUENCE PUBLIC.SEQ RESTART WITH 11
DISCONNECT
/*C45*/SET SCHEMA PUBLIC
INSERT INTO GEEK VALUES(11,'A','A','A','M')
COMMIT
ALTER SEQUENCE PUBLIC.SEQ RESTART WITH 12
DISCONNECT
/*C46*/SET SCHEMA PUBLIC
INSERT INTO GEEK VALUES(12,'A','A','A','M')
COMMIT
ALTER SEQUENCE PUBLIC.SEQ RESTART WITH 13
DISCONNECT
/*C47*/SET SCHEMA PUBLIC
INSERT INTO GEEK VALUES(13,'A','A','A','M')
COMMIT
ALTER SEQUENCE PUBLIC.SEQ RESTART WITH 14
DISCONNECT
/*C35*/drop table geek if exists cascade
drop sequence seq if exists
create table geek(\u000a\u0009id numeric not null,\u000a\u0009nom varchar(255) not null,\u000a\u0009prenom varchar(255) not null,\u000a\u0009email varchar(255) not null,\u000a\u0009sexe varchar(255) not null,\u000a\u0009primary key (id)\u000a)
INSERT INTO GEEK VALUES(1,'Pierre','Paul','jacques@hotmail.fr','M')
COMMIT
INSERT INTO GEEK VALUES(2,'Dupont','K\u00e9vin','kevv71@live.fr','M')
COMMIT
INSERT INTO GEEK VALUES(3,'Dufour','Camille','camy69@voila.fr','F')
COMMIT
INSERT INTO GEEK VALUES(4,'Etangsal\u00e9','Dylan','dyl71@hotmail.fr','M')
COMMIT
create sequence seq start with 5
/*C48*/SET SCHEMA PUBLIC
DISCONNECT
/*C49*/SET SCHEMA PUBLIC
DISCONNECT
/*C50*/SET SCHEMA PUBLIC
DISCONNECT
/*C51*/SET SCHEMA PUBLIC
DISCONNECT
/*C52*/SET SCHEMA PUBLIC
DISCONNECT
/*C53*/SET SCHEMA PUBLIC
DISCONNECT
/*C54*/SET SCHEMA PUBLIC
DISCONNECT
/*C55*/SET SCHEMA PUBLIC
DISCONNECT
/*C56*/SET SCHEMA PUBLIC
DISCONNECT
/*C57*/SET SCHEMA PUBLIC
DISCONNECT
/*C58*/SET SCHEMA PUBLIC
DISCONNECT
/*C59*/SET SCHEMA PUBLIC
DISCONNECT
/*C60*/SET SCHEMA PUBLIC
DISCONNECT
/*C61*/SET SCHEMA PUBLIC
DISCONNECT
/*C62*/SET SCHEMA PUBLIC
DISCONNECT
/*C63*/SET SCHEMA PUBLIC
DISCONNECT
/*C64*/SET SCHEMA PUBLIC
DISCONNECT
/*C65*/SET SCHEMA PUBLIC
DISCONNECT
/*C66*/SET SCHEMA PUBLIC
DISCONNECT
/*C67*/SET SCHEMA PUBLIC
DISCONNECT
/*C68*/SET SCHEMA PUBLIC
DISCONNECT
/*C69*/SET SCHEMA PUBLIC
DISCONNECT
/*C70*/SET SCHEMA PUBLIC
INSERT INTO GEEK VALUES(5,'test','test','yyo','M')
COMMIT
ALTER SEQUENCE PUBLIC.SEQ RESTART WITH 6
DISCONNECT
